Reading workspace: /home/leo/Schreibtisch/project-genesis
  Soul sections: 4
  Experiences: 0
  Reflections: 0
  Soul changes: 0

  → Serving at http://localhost:8080/soul-evolution.html
  → Mindmap at  http://localhost:8080/soul-mindmap.html
  → Edits save directly to: /home/leo/Schreibtisch/project-genesis/SOUL.md

Traceback (most recent call last):
  File "/home/leo/Schreibtisch/project-genesis/skills/soul-evolution/tools/soul-viz.py", line 2303, in <module>
    main()
    ~~~~^^
  File "/home/leo/Schreibtisch/project-genesis/skills/soul-evolution/tools/soul-viz.py", line 2285, in main
    with socketserver.TCPServer(("0.0.0.0", port), SoulEvolutionHandler) as httpd:
         ~~~~~~~~~~~~~~~~~~~~~~^^^^^^^^^^^^^^^^^^^^^^^^^^^^^^^^^^^^^^^^^
  File "/home/linuxbrew/.linuxbrew/Cellar/python@3.14/3.14.3_1/lib/python3.14/socketserver.py", line 457, in __init__
    self.server_bind()
    ~~~~~~~~~~~~~~~~^^
  File "/home/linuxbrew/.linuxbrew/Cellar/python@3.14/3.14.3_1/lib/python3.14/socketserver.py", line 478, in server_bind
    self.socket.bind(self.server_address)
    ~~~~~~~~~~~~~~~~^^^^^^^^^^^^^^^^^^^^^
OSError: [Errno 98] Address already in use
